<?xml version="1.0" encoding="UTF-8"?>
<testsuite xmlns:xsi="http://www.w3.org/2001/XMLSchema-instance" xsi:noNamespaceSchemaLocation="https://maven.apache.org/surefire/maven-surefire-plugin/xsd/surefire-test-report.xsd" name="com.example.demo.SampleScrapperApplicationTests" time="1.487" tests="1" errors="0" skipped="0" failures="0">
  <properties>
    <property name="java.specification.version" value="14"/>
    <property name="sun.cpu.isalist" value="amd64"/>
    <property name="sun.jnu.encoding" value="Cp1252"/>
    <property name="java.class.path" value="C:\Users\benaj\Documents\workspace-spring-tool-suite-4-4.7.0.RELEASE\SampleScrapper\target\test-classes;C:\Users\benaj\Documents\workspace-spring-tool-suite-4-4.7.0.RELEASE\SampleScrapper\target\classes;C:\Users\benaj\.m2\repository\org\springframework\boot\spring-boot-starter\2.3.1.RELEASE\spring-boot-starter-2.3.1.RELEASE.jar;C:\Users\benaj\.m2\repository\org\springframework\boot\spring-boot\2.3.1.RELEASE\spring-boot-2.3.1.RELEASE.jar;C:\Users\benaj\.m2\repository\org\springframework\spring-context\5.2.7.RELEASE\spring-context-5.2.7.RELEASE.jar;C:\Users\benaj\.m2\repository\org\springframework\spring-aop\5.2.7.RELEASE\spring-aop-5.2.7.RELEASE.jar;C:\Users\benaj\.m2\repository\org\springframework\spring-beans\5.2.7.RELEASE\spring-beans-5.2.7.RELEASE.jar;C:\Users\benaj\.m2\repository\org\springframework\spring-expression\5.2.7.RELEASE\spring-expression-5.2.7.RELEASE.jar;C:\Users\benaj\.m2\repository\org\springframework\boot\spring-boot-autoconfigure\2.3.1.RELEASE\spring-boot-autoconfigure-2.3.1.RELEASE.jar;C:\Users\benaj\.m2\repository\org\springframework\boot\spring-boot-starter-logging\2.3.1.RELEASE\spring-boot-starter-logging-2.3.1.RELEASE.jar;C:\Users\benaj\.m2\repository\ch\qos\logback\logback-classic\1.2.3\logback-classic-1.2.3.jar;C:\Users\benaj\.m2\repository\ch\qos\logback\logback-core\1.2.3\logback-core-1.2.3.jar;C:\Users\benaj\.m2\repository\org\apache\logging\log4j\log4j-to-slf4j\2.13.3\log4j-to-slf4j-2.13.3.jar;C:\Users\benaj\.m2\repository\org\apache\logging\log4j\log4j-api\2.13.3\log4j-api-2.13.3.jar;C:\Users\benaj\.m2\repository\org\slf4j\jul-to-slf4j\1.7.30\jul-to-slf4j-1.7.30.jar;C:\Users\benaj\.m2\repository\jakarta\annotation\jakarta.annotation-api\1.3.5\jakarta.annotation-api-1.3.5.jar;C:\Users\benaj\.m2\repository\org\springframework\spring-core\5.2.7.RELEASE\spring-core-5.2.7.RELEASE.jar;C:\Users\benaj\.m2\repository\org\springframework\spring-jcl\5.2.7.RELEASE\spring-jcl-5.2.7.RELEASE.jar;C:\Users\benaj\.m2\repository\org\yaml\snakeyaml\1.26\snakeyaml-1.26.jar;C:\Users\benaj\.m2\repository\org\springframework\boot\spring-boot-starter-test\2.3.1.RELEASE\spring-boot-starter-test-2.3.1.RELEASE.jar;C:\Users\benaj\.m2\repository\org\springframework\boot\spring-boot-test\2.3.1.RELEASE\spring-boot-test-2.3.1.RELEASE.jar;C:\Users\benaj\.m2\repository\org\springframework\boot\spring-boot-test-autoconfigure\2.3.1.RELEASE\spring-boot-test-autoconfigure-2.3.1.RELEASE.jar;C:\Users\benaj\.m2\repository\com\jayway\jsonpath\json-path\2.4.0\json-path-2.4.0.jar;C:\Users\benaj\.m2\repository\net\minidev\json-smart\2.3\json-smart-2.3.jar;C:\Users\benaj\.m2\repository\net\minidev\accessors-smart\1.2\accessors-smart-1.2.jar;C:\Users\benaj\.m2\repository\org\ow2\asm\asm\5.0.4\asm-5.0.4.jar;C:\Users\benaj\.m2\repository\org\slf4j\slf4j-api\1.7.30\slf4j-api-1.7.30.jar;C:\Users\benaj\.m2\repository\jakarta\xml\bind\jakarta.xml.bind-api\2.3.3\jakarta.xml.bind-api-2.3.3.jar;C:\Users\benaj\.m2\repository\jakarta\activation\jakarta.activation-api\1.2.2\jakarta.activation-api-1.2.2.jar;C:\Users\benaj\.m2\repository\org\assertj\assertj-core\3.16.1\assertj-core-3.16.1.jar;C:\Users\benaj\.m2\repository\org\hamcrest\hamcrest\2.2\hamcrest-2.2.jar;C:\Users\benaj\.m2\repository\org\junit\jupiter\junit-jupiter\5.6.2\junit-jupiter-5.6.2.jar;C:\Users\benaj\.m2\repository\org\junit\jupiter\junit-jupiter-api\5.6.2\junit-jupiter-api-5.6.2.jar;C:\Users\benaj\.m2\repository\org\apiguardian\apiguardian-api\1.1.0\apiguardian-api-1.1.0.jar;C:\Users\benaj\.m2\repository\org\opentest4j\opentest4j\1.2.0\opentest4j-1.2.0.jar;C:\Users\benaj\.m2\repository\org\junit\platform\junit-platform-commons\1.6.2\junit-platform-commons-1.6.2.jar;C:\Users\benaj\.m2\repository\org\junit\jupiter\junit-jupiter-params\5.6.2\junit-jupiter-params-5.6.2.jar;C:\Users\benaj\.m2\repository\org\junit\jupiter\junit-jupiter-engine\5.6.2\junit-jupiter-engine-5.6.2.jar;C:\Users\benaj\.m2\repository\org\junit\platform\junit-platform-engine\1.6.2\junit-platform-engine-1.6.2.jar;C:\Users\benaj\.m2\repository\org\mockito\mockito-core\3.3.3\mockito-core-3.3.3.jar;C:\Users\benaj\.m2\repository\net\bytebuddy\byte-buddy\1.10.11\byte-buddy-1.10.11.jar;C:\Users\benaj\.m2\repository\net\bytebuddy\byte-buddy-agent\1.10.11\byte-buddy-agent-1.10.11.jar;C:\Users\benaj\.m2\repository\org\objenesis\objenesis\2.6\objenesis-2.6.jar;C:\Users\benaj\.m2\repository\org\mockito\mockito-junit-jupiter\3.3.3\mockito-junit-jupiter-3.3.3.jar;C:\Users\benaj\.m2\repository\org\skyscreamer\jsonassert\1.5.0\jsonassert-1.5.0.jar;C:\Users\benaj\.m2\repository\com\vaadin\external\google\android-json\0.0.20131108.vaadin1\android-json-0.0.20131108.vaadin1.jar;C:\Users\benaj\.m2\repository\org\springframework\spring-test\5.2.7.RELEASE\spring-test-5.2.7.RELEASE.jar;C:\Users\benaj\.m2\repository\org\xmlunit\xmlunit-core\2.7.0\xmlunit-core-2.7.0.jar;C:\Users\benaj\.m2\repository\org\jsoup\jsoup\1.8.1\jsoup-1.8.1.jar;C:\Users\benaj\.m2\repository\net\sourceforge\htmlunit\htmlunit\2.41.0\htmlunit-2.41.0.jar;C:\Users\benaj\.m2\repository\xalan\xalan\2.7.2\xalan-2.7.2.jar;C:\Users\benaj\.m2\repository\xalan\serializer\2.7.2\serializer-2.7.2.jar;C:\Users\benaj\.m2\repository\org\apache\commons\commons-lang3\3.10\commons-lang3-3.10.jar;C:\Users\benaj\.m2\repository\org\apache\commons\commons-text\1.8\commons-text-1.8.jar;C:\Users\benaj\.m2\repository\org\apache\httpcomponents\httpmime\4.5.12\httpmime-4.5.12.jar;C:\Users\benaj\.m2\repository\org\apache\httpcomponents\httpclient\4.5.12\httpclient-4.5.12.jar;C:\Users\benaj\.m2\repository\org\apache\httpcomponents\httpcore\4.4.13\httpcore-4.4.13.jar;C:\Users\benaj\.m2\repository\commons-codec\commons-codec\1.14\commons-codec-1.14.jar;C:\Users\benaj\.m2\repository\net\sourceforge\htmlunit\htmlunit-core-js\2.41.0\htmlunit-core-js-2.41.0.jar;C:\Users\benaj\.m2\repository\net\sourceforge\htmlunit\neko-htmlunit\2.41.0\neko-htmlunit-2.41.0.jar;C:\Users\benaj\.m2\repository\xerces\xercesImpl\2.12.0\xercesImpl-2.12.0.jar;C:\Users\benaj\.m2\repository\xml-apis\xml-apis\1.4.01\xml-apis-1.4.01.jar;C:\Users\benaj\.m2\repository\net\sourceforge\htmlunit\htmlunit-cssparser\1.5.0\htmlunit-cssparser-1.5.0.jar;C:\Users\benaj\.m2\repository\commons-io\commons-io\2.7\commons-io-2.7.jar;C:\Users\benaj\.m2\repository\commons-net\commons-net\3.6\commons-net-3.6.jar;C:\Users\benaj\.m2\repository\org\brotli\dec\0.1.2\dec-0.1.2.jar;C:\Users\benaj\.m2\repository\com\shapesecurity\salvation\2.7.2\salvation-2.7.2.jar;C:\Users\benaj\.m2\repository\org\eclipse\jetty\websocket\websocket-client\9.4.29.v20200521\websocket-client-9.4.29.v20200521.jar;C:\Users\benaj\.m2\repository\org\eclipse\jetty\jetty-client\9.4.29.v20200521\jetty-client-9.4.29.v20200521.jar;C:\Users\benaj\.m2\repository\org\eclipse\jetty\jetty-http\9.4.29.v20200521\jetty-http-9.4.29.v20200521.jar;C:\Users\benaj\.m2\repository\org\eclipse\jetty\jetty-xml\9.4.29.v20200521\jetty-xml-9.4.29.v20200521.jar;C:\Users\benaj\.m2\repository\org\eclipse\jetty\jetty-util\9.4.29.v20200521\jetty-util-9.4.29.v20200521.jar;C:\Users\benaj\.m2\repository\org\eclipse\jetty\jetty-io\9.4.29.v20200521\jetty-io-9.4.29.v20200521.jar;C:\Users\benaj\.m2\repository\org\eclipse\jetty\websocket\websocket-common\9.4.29.v20200521\websocket-common-9.4.29.v20200521.jar;C:\Users\benaj\.m2\repository\org\eclipse\jetty\websocket\websocket-api\9.4.29.v20200521\websocket-api-9.4.29.v20200521.jar;"/>
    <property name="java.vm.vendor" value="Oracle Corporation"/>
    <property name="sun.arch.data.model" value="64"/>
    <property name="user.variant" value=""/>
    <property name="java.vendor.url" value="https://java.oracle.com/"/>
    <property name="user.timezone" value="Europe/Berlin"/>
    <property name="user.country.format" value="DE"/>
    <property name="os.name" value="Windows 10"/>
    <property name="java.vm.specification.version" value="14"/>
    <property name="sun.java.launcher" value="SUN_STANDARD"/>
    <property name="user.country" value="GB"/>
    <property name="sun.boot.library.path" value="C:\Program Files\Java\jdk-14.0.1\bin"/>
    <property name="sun.java.command" value="C:\Users\benaj\AppData\Local\Temp\surefire13525435573654828842\surefirebooter12131073749834914098.jar C:\Users\benaj\AppData\Local\Temp\surefire13525435573654828842 2020-09-11T15-53-47_995-jvmRun1 surefire15725542502018695887tmp surefire_03621642776989027761tmp"/>
    <property name="jdk.debug" value="release"/>
    <property name="surefire.test.class.path" value="C:\Users\benaj\Documents\workspace-spring-tool-suite-4-4.7.0.RELEASE\SampleScrapper\target\test-classes;C:\Users\benaj\Documents\workspace-spring-tool-suite-4-4.7.0.RELEASE\SampleScrapper\target\classes;C:\Users\benaj\.m2\repository\org\springframework\boot\spring-boot-starter\2.3.1.RELEASE\spring-boot-starter-2.3.1.RELEASE.jar;C:\Users\benaj\.m2\repository\org\springframework\boot\spring-boot\2.3.1.RELEASE\spring-boot-2.3.1.RELEASE.jar;C:\Users\benaj\.m2\repository\org\springframework\spring-context\5.2.7.RELEASE\spring-context-5.2.7.RELEASE.jar;C:\Users\benaj\.m2\repository\org\springframework\spring-aop\5.2.7.RELEASE\spring-aop-5.2.7.RELEASE.jar;C:\Users\benaj\.m2\repository\org\springframework\spring-beans\5.2.7.RELEASE\spring-beans-5.2.7.RELEASE.jar;C:\Users\benaj\.m2\repository\org\springframework\spring-expression\5.2.7.RELEASE\spring-expression-5.2.7.RELEASE.jar;C:\Users\benaj\.m2\repository\org\springframework\boot\spring-boot-autoconfigure\2.3.1.RELEASE\spring-boot-autoconfigure-2.3.1.RELEASE.jar;C:\Users\benaj\.m2\repository\org\springframework\boot\spring-boot-starter-logging\2.3.1.RELEASE\spring-boot-starter-logging-2.3.1.RELEASE.jar;C:\Users\benaj\.m2\repository\ch\qos\logback\logback-classic\1.2.3\logback-classic-1.2.3.jar;C:\Users\benaj\.m2\repository\ch\qos\logback\logback-core\1.2.3\logback-core-1.2.3.jar;C:\Users\benaj\.m2\repository\org\apache\logging\log4j\log4j-to-slf4j\2.13.3\log4j-to-slf4j-2.13.3.jar;C:\Users\benaj\.m2\repository\org\apache\logging\log4j\log4j-api\2.13.3\log4j-api-2.13.3.jar;C:\Users\benaj\.m2\repository\org\slf4j\jul-to-slf4j\1.7.30\jul-to-slf4j-1.7.30.jar;C:\Users\benaj\.m2\repository\jakarta\annotation\jakarta.annotation-api\1.3.5\jakarta.annotation-api-1.3.5.jar;C:\Users\benaj\.m2\repository\org\springframework\spring-core\5.2.7.RELEASE\spring-core-5.2.7.RELEASE.jar;C:\Users\benaj\.m2\repository\org\springframework\spring-jcl\5.2.7.RELEASE\spring-jcl-5.2.7.RELEASE.jar;C:\Users\benaj\.m2\repository\org\yaml\snakeyaml\1.26\snakeyaml-1.26.jar;C:\Users\benaj\.m2\repository\org\springframework\boot\spring-boot-starter-test\2.3.1.RELEASE\spring-boot-starter-test-2.3.1.RELEASE.jar;C:\Users\benaj\.m2\repository\org\springframework\boot\spring-boot-test\2.3.1.RELEASE\spring-boot-test-2.3.1.RELEASE.jar;C:\Users\benaj\.m2\repository\org\springframework\boot\spring-boot-test-autoconfigure\2.3.1.RELEASE\spring-boot-test-autoconfigure-2.3.1.RELEASE.jar;C:\Users\benaj\.m2\repository\com\jayway\jsonpath\json-path\2.4.0\json-path-2.4.0.jar;C:\Users\benaj\.m2\repository\net\minidev\json-smart\2.3\json-smart-2.3.jar;C:\Users\benaj\.m2\repository\net\minidev\accessors-smart\1.2\accessors-smart-1.2.jar;C:\Users\benaj\.m2\repository\org\ow2\asm\asm\5.0.4\asm-5.0.4.jar;C:\Users\benaj\.m2\repository\org\slf4j\slf4j-api\1.7.30\slf4j-api-1.7.30.jar;C:\Users\benaj\.m2\repository\jakarta\xml\bind\jakarta.xml.bind-api\2.3.3\jakarta.xml.bind-api-2.3.3.jar;C:\Users\benaj\.m2\repository\jakarta\activation\jakarta.activation-api\1.2.2\jakarta.activation-api-1.2.2.jar;C:\Users\benaj\.m2\repository\org\assertj\assertj-core\3.16.1\assertj-core-3.16.1.jar;C:\Users\benaj\.m2\repository\org\hamcrest\hamcrest\2.2\hamcrest-2.2.jar;C:\Users\benaj\.m2\repository\org\junit\jupiter\junit-jupiter\5.6.2\junit-jupiter-5.6.2.jar;C:\Users\benaj\.m2\repository\org\junit\jupiter\junit-jupiter-api\5.6.2\junit-jupiter-api-5.6.2.jar;C:\Users\benaj\.m2\repository\org\apiguardian\apiguardian-api\1.1.0\apiguardian-api-1.1.0.jar;C:\Users\benaj\.m2\repository\org\opentest4j\opentest4j\1.2.0\opentest4j-1.2.0.jar;C:\Users\benaj\.m2\repository\org\junit\platform\junit-platform-commons\1.6.2\junit-platform-commons-1.6.2.jar;C:\Users\benaj\.m2\repository\org\junit\jupiter\junit-jupiter-params\5.6.2\junit-jupiter-params-5.6.2.jar;C:\Users\benaj\.m2\repository\org\junit\jupiter\junit-jupiter-engine\5.6.2\junit-jupiter-engine-5.6.2.jar;C:\Users\benaj\.m2\repository\org\junit\platform\junit-platform-engine\1.6.2\junit-platform-engine-1.6.2.jar;C:\Users\benaj\.m2\repository\org\mockito\mockito-core\3.3.3\mockito-core-3.3.3.jar;C:\Users\benaj\.m2\repository\net\bytebuddy\byte-buddy\1.10.11\byte-buddy-1.10.11.jar;C:\Users\benaj\.m2\repository\net\bytebuddy\byte-buddy-agent\1.10.11\byte-buddy-agent-1.10.11.jar;C:\Users\benaj\.m2\repository\org\objenesis\objenesis\2.6\objenesis-2.6.jar;C:\Users\benaj\.m2\repository\org\mockito\mockito-junit-jupiter\3.3.3\mockito-junit-jupiter-3.3.3.jar;C:\Users\benaj\.m2\repository\org\skyscreamer\jsonassert\1.5.0\jsonassert-1.5.0.jar;C:\Users\benaj\.m2\repository\com\vaadin\external\google\android-json\0.0.20131108.vaadin1\android-json-0.0.20131108.vaadin1.jar;C:\Users\benaj\.m2\repository\org\springframework\spring-test\5.2.7.RELEASE\spring-test-5.2.7.RELEASE.jar;C:\Users\benaj\.m2\repository\org\xmlunit\xmlunit-core\2.7.0\xmlunit-core-2.7.0.jar;C:\Users\benaj\.m2\repository\org\jsoup\jsoup\1.8.1\jsoup-1.8.1.jar;C:\Users\benaj\.m2\repository\net\sourceforge\htmlunit\htmlunit\2.41.0\htmlunit-2.41.0.jar;C:\Users\benaj\.m2\repository\xalan\xalan\2.7.2\xalan-2.7.2.jar;C:\Users\benaj\.m2\repository\xalan\serializer\2.7.2\serializer-2.7.2.jar;C:\Users\benaj\.m2\repository\org\apache\commons\commons-lang3\3.10\commons-lang3-3.10.jar;C:\Users\benaj\.m2\repository\org\apache\commons\commons-text\1.8\commons-text-1.8.jar;C:\Users\benaj\.m2\repository\org\apache\httpcomponents\httpmime\4.5.12\httpmime-4.5.12.jar;C:\Users\benaj\.m2\repository\org\apache\httpcomponents\httpclient\4.5.12\httpclient-4.5.12.jar;C:\Users\benaj\.m2\repository\org\apache\httpcomponents\httpcore\4.4.13\httpcore-4.4.13.jar;C:\Users\benaj\.m2\repository\commons-codec\commons-codec\1.14\commons-codec-1.14.jar;C:\Users\benaj\.m2\repository\net\sourceforge\htmlunit\htmlunit-core-js\2.41.0\htmlunit-core-js-2.41.0.jar;C:\Users\benaj\.m2\repository\net\sourceforge\htmlunit\neko-htmlunit\2.41.0\neko-htmlunit-2.41.0.jar;C:\Users\benaj\.m2\repository\xerces\xercesImpl\2.12.0\xercesImpl-2.12.0.jar;C:\Users\benaj\.m2\repository\xml-apis\xml-apis\1.4.01\xml-apis-1.4.01.jar;C:\Users\benaj\.m2\repository\net\sourceforge\htmlunit\htmlunit-cssparser\1.5.0\htmlunit-cssparser-1.5.0.jar;C:\Users\benaj\.m2\repository\commons-io\commons-io\2.7\commons-io-2.7.jar;C:\Users\benaj\.m2\repository\commons-net\commons-net\3.6\commons-net-3.6.jar;C:\Users\benaj\.m2\repository\org\brotli\dec\0.1.2\dec-0.1.2.jar;C:\Users\benaj\.m2\repository\com\shapesecurity\salvation\2.7.2\salvation-2.7.2.jar;C:\Users\benaj\.m2\repository\org\eclipse\jetty\websocket\websocket-client\9.4.29.v20200521\websocket-client-9.4.29.v20200521.jar;C:\Users\benaj\.m2\repository\org\eclipse\jetty\jetty-client\9.4.29.v20200521\jetty-client-9.4.29.v20200521.jar;C:\Users\benaj\.m2\repository\org\eclipse\jetty\jetty-http\9.4.29.v20200521\jetty-http-9.4.29.v20200521.jar;C:\Users\benaj\.m2\repository\org\eclipse\jetty\jetty-xml\9.4.29.v20200521\jetty-xml-9.4.29.v20200521.jar;C:\Users\benaj\.m2\repository\org\eclipse\jetty\jetty-util\9.4.29.v20200521\jetty-util-9.4.29.v20200521.jar;C:\Users\benaj\.m2\repository\org\eclipse\jetty\jetty-io\9.4.29.v20200521\jetty-io-9.4.29.v20200521.jar;C:\Users\benaj\.m2\repository\org\eclipse\jetty\websocket\websocket-common\9.4.29.v20200521\websocket-common-9.4.29.v20200521.jar;C:\Users\benaj\.m2\repository\org\eclipse\jetty\websocket\websocket-api\9.4.29.v20200521\websocket-api-9.4.29.v20200521.jar;"/>
    <property name="sun.cpu.endian" value="little"/>
    <property name="user.home" value="C:\Users\benaj"/>
    <property name="user.language" value="en"/>
    <property name="java.specification.vendor" value="Oracle Corporation"/>
    <property name="java.version.date" value="2020-04-14"/>
    <property name="java.home" value="C:\Program Files\Java\jdk-14.0.1"/>
    <property name="file.separator" value="\"/>
    <property name="style.color" value="always"/>
    <property name="basedir" value="C:\Users\benaj\Documents\workspace-spring-tool-suite-4-4.7.0.RELEASE\SampleScrapper"/>
    <property name="java.vm.compressedOopsMode" value="Zero based"/>
    <property name="line.separator" value="&#10;"/>
    <property name="java.vm.specification.vendor" value="Oracle Corporation"/>
    <property name="java.specification.name" value="Java Platform API Specification"/>
    <property name="surefire.real.class.path" value="C:\Users\benaj\AppData\Local\Temp\surefire13525435573654828842\surefirebooter12131073749834914098.jar"/>
    <property name="user.script" value=""/>
    <property name="sun.management.compiler" value="HotSpot 64-Bit Tiered Compilers"/>
    <property name="java.runtime.version" value="14.0.1+7"/>
    <property name="user.name" value="benaj"/>
    <property name="path.separator" value=";"/>
    <property name="os.version" value="10.0"/>
    <property name="java.runtime.name" value="Java(TM) SE Runtime Environment"/>
    <property name="file.encoding" value="UTF-8"/>
    <property name="java.vm.name" value="Java HotSpot(TM) 64-Bit Server VM"/>
    <property name="localRepository" value="C:\Users\benaj\.m2\repository"/>
    <property name="java.vendor.url.bug" value="https://bugreport.java.com/bugreport/"/>
    <property name="java.io.tmpdir" value="C:\Users\benaj\AppData\Local\Temp\"/>
    <property name="java.version" value="14.0.1"/>
    <property name="user.dir" value="C:\Users\benaj\Documents\workspace-spring-tool-suite-4-4.7.0.RELEASE\SampleScrapper"/>
    <property name="os.arch" value="amd64"/>
    <property name="java.vm.specification.name" value="Java Virtual Machine Specification"/>
    <property name="sun.os.patch.level" value=""/>
    <property name="java.library.path" value="C:\Program Files\Java\jdk-14.0.1\bin;C:\windows\Sun\Java\bin;C:\windows\system32;C:\windows;C:/Program Files/Java/jdk-14.0.1/bin/server;C:/Program Files/Java/jdk-14.0.1/bin;C:\Program Files\Java\jdk-14.0.1\bin;C:\Program Files\dotnet\;C:\Program Files\Microsoft SQL Server\130\Tools\Binn\;C:\Program Files\Microsoft SQL Server\Client SDK\ODBC\170\Tools\Binn\;C:\Program Files\Git\cmd;C:\Program Files\MySQL\MySQL Shell 8.0\bin\;C:\Users\benaj\AppData\Local\Microsoft\WindowsApps;;C:\MyFiles\Softwares\spring-tool-suite-4-4.7.0.RELEASE-e4.16.0-win32.win32.x86_64.self-extracting\contents\sts-4.7.0.RELEASE;;."/>
    <property name="java.vm.info" value="mixed mode, sharing"/>
    <property name="java.vendor" value="Oracle Corporation"/>
    <property name="java.vm.version" value="14.0.1+7"/>
    <property name="sun.io.unicode.encoding" value="UnicodeLittle"/>
    <property name="java.class.version" value="58.0"/>
  </properties>
  <testcase name="contextLoads" classname="com.example.demo.SampleScrapperApplicationTests" time="0.482"/>
</testsuite>